<?xml version="1.0" encoding="UTF-8"?>
<!-- Generated by org.testng.reporters.JUnitXMLReporter -->
<testsuite hostname="DESKTOP-UV0GNPQ" ignored="0" name="RegressionAll" tests="8" failures="0" timestamp="20 Jul 2019 13:29:23 GMT" time="51.133" errors="0">
  <testcase name="Sprint1Test" time="2.857" classname="tests.Sprint1Tests"/>
  <testcase name="Sprint2Test" time="3.264" classname="tests.Sprint2Tests"/>
  <testcase name="Sprint3TestFemale" time="2.585" classname="tests.Sprint3Tests"/>
  <testcase name="Sprint3TestOther" time="2.736" classname="tests.Sprint3Tests"/>
  <testcase name="Sprint4TestFemale" time="4.59" classname="tests.Sprint4Tests"/>
  <testcase name="Sprint4TestOther" time="3.266" classname="tests.Sprint4Tests"/>
  <testcase name="Sprint5TestFemale" time="4.143" classname="tests.Sprint5Tests"/>
  <testcase name="Sprint5TestOther" time="3.687" classname="tests.Sprint5Tests"/>
</testsuite> <!-- RegressionAll -->
