<?xml version="1.0" encoding="UTF-8"?>
<testng-results skipped="0" failed="0" ignored="0" total="8" passed="8">
  <reporter-output>
  </reporter-output>
  <suite name="SuiteAll" duration-ms="51133" started-at="2019-07-20T13:28:32Z" finished-at="2019-07-20T13:29:23Z">
    <groups>
    </groups>
    <test name="RegressionAll" duration-ms="51133" started-at="2019-07-20T13:28:32Z" finished-at="2019-07-20T13:29:23Z">
      <class name="tests.Sprint3Tests">
        <test-method status="PASS" signature="SetupBeforeEveryTest()[pri:0, instance:tests.Sprint3Tests@2b98378d]" name="SetupBeforeEveryTest" is-config="true" duration-ms="2046" started-at="2019-07-20T13:28:44Z" finished-at="2019-07-20T13:28:46Z">
          <reporter-output>
          </reporter-output>
        </test-method> <!-- SetupBeforeEveryTest -->
        <test-method status="PASS" signature="Sprint3TestFemale()[pri:0, instance:tests.Sprint3Tests@2b98378d]" name="Sprint3TestFemale" duration-ms="2585" started-at="2019-07-20T13:28:46Z" finished-at="2019-07-20T13:28:49Z">
          <reporter-output>
          </reporter-output>
        </test-method> <!-- Sprint3TestFemale -->
        <test-method status="PASS" signature="SetupAfterEveryTest()[pri:0, instance:tests.Sprint3Tests@2b98378d]" name="SetupAfterEveryTest" is-config="true" duration-ms="612" started-at="2019-07-20T13:28:49Z" finished-at="2019-07-20T13:28:49Z">
          <reporter-output>
          </reporter-output>
        </test-method> <!-- SetupAfterEveryTest -->
        <test-method status="PASS" signature="SetupBeforeEveryTest()[pri:0, instance:tests.Sprint3Tests@2b98378d]" name="SetupBeforeEveryTest" is-config="true" duration-ms="2053" started-at="2019-07-20T13:28:49Z" finished-at="2019-07-20T13:28:51Z">
          <reporter-output>
          </reporter-output>
        </test-method> <!-- SetupBeforeEveryTest -->
        <test-method status="PASS" signature="Sprint3TestOther()[pri:0, instance:tests.Sprint3Tests@2b98378d]" name="Sprint3TestOther" duration-ms="2736" started-at="2019-07-20T13:28:51Z" finished-at="2019-07-20T13:28:54Z">
          <reporter-output>
          </reporter-output>
        </test-method> <!-- Sprint3TestOther -->
        <test-method status="PASS" signature="SetupAfterEveryTest()[pri:0, instance:tests.Sprint3Tests@2b98378d]" name="SetupAfterEveryTest" is-config="true" duration-ms="2862" started-at="2019-07-20T13:28:54Z" finished-at="2019-07-20T13:28:57Z">
          <reporter-output>
          </reporter-output>
        </test-method> <!-- SetupAfterEveryTest -->
      </class> <!-- tests.Sprint3Tests -->
      <class name="tests.Sprint2Tests">
        <test-method status="PASS" signature="SetupBeforeEveryTest()[pri:0, instance:tests.Sprint2Tests@4b9e13df]" name="SetupBeforeEveryTest" is-config="true" duration-ms="2052" started-at="2019-07-20T13:28:38Z" finished-at="2019-07-20T13:28:40Z">
          <reporter-output>
          </reporter-output>
        </test-method> <!-- SetupBeforeEveryTest -->
        <test-method status="PASS" signature="Sprint2Test()[pri:0, instance:tests.Sprint2Tests@4b9e13df]" name="Sprint2Test" duration-ms="3264" started-at="2019-07-20T13:28:40Z" finished-at="2019-07-20T13:28:43Z">
          <reporter-output>
          </reporter-output>
        </test-method> <!-- Sprint2Test -->
        <test-method status="PASS" signature="SetupAfterEveryTest()[pri:0, instance:tests.Sprint2Tests@4b9e13df]" name="SetupAfterEveryTest" is-config="true" duration-ms="616" started-at="2019-07-20T13:28:43Z" finished-at="2019-07-20T13:28:44Z">
          <reporter-output>
          </reporter-output>
        </test-method> <!-- SetupAfterEveryTest -->
      </class> <!-- tests.Sprint2Tests -->
      <class name="tests.Sprint1Tests">
        <test-method status="PASS" signature="SetupBeforeEveryTest()[pri:0, instance:tests.Sprint1Tests@cb5822]" name="SetupBeforeEveryTest" is-config="true" duration-ms="2562" started-at="2019-07-20T13:28:32Z" finished-at="2019-07-20T13:28:35Z">
          <reporter-output>
          </reporter-output>
        </test-method> <!-- SetupBeforeEveryTest -->
        <test-method status="PASS" signature="Sprint1Test()[pri:0, instance:tests.Sprint1Tests@cb5822]" name="Sprint1Test" duration-ms="2857" started-at="2019-07-20T13:28:35Z" finished-at="2019-07-20T13:28:37Z">
          <reporter-output>
          </reporter-output>
        </test-method> <!-- Sprint1Test -->
        <test-method status="PASS" signature="SetupAfterEveryTest()[pri:0, instance:tests.Sprint1Tests@cb5822]" name="SetupAfterEveryTest" is-config="true" duration-ms="616" started-at="2019-07-20T13:28:37Z" finished-at="2019-07-20T13:28:38Z">
          <reporter-output>
          </reporter-output>
        </test-method> <!-- SetupAfterEveryTest -->
      </class> <!-- tests.Sprint1Tests -->
      <class name="tests.Sprint5Tests">
        <test-method status="PASS" signature="SetupBeforeEveryTest()[pri:0, instance:tests.Sprint5Tests@1d057a39]" name="SetupBeforeEveryTest" is-config="true" duration-ms="2019" started-at="2019-07-20T13:29:10Z" finished-at="2019-07-20T13:29:12Z">
          <reporter-output>
          </reporter-output>
        </test-method> <!-- SetupBeforeEveryTest -->
        <test-method status="PASS" signature="Sprint5TestFemale()[pri:0, instance:tests.Sprint5Tests@1d057a39]" name="Sprint5TestFemale" duration-ms="4143" started-at="2019-07-20T13:29:12Z" finished-at="2019-07-20T13:29:16Z">
          <reporter-output>
          </reporter-output>
        </test-method> <!-- Sprint5TestFemale -->
        <test-method status="PASS" signature="SetupAfterEveryTest()[pri:0, instance:tests.Sprint5Tests@1d057a39]" name="SetupAfterEveryTest" is-config="true" duration-ms="616" started-at="2019-07-20T13:29:16Z" finished-at="2019-07-20T13:29:17Z">
          <reporter-output>
          </reporter-output>
        </test-method> <!-- SetupAfterEveryTest -->
        <test-method status="PASS" signature="SetupBeforeEveryTest()[pri:0, instance:tests.Sprint5Tests@1d057a39]" name="SetupBeforeEveryTest" is-config="true" duration-ms="2022" started-at="2019-07-20T13:29:17Z" finished-at="2019-07-20T13:29:19Z">
          <reporter-output>
          </reporter-output>
        </test-method> <!-- SetupBeforeEveryTest -->
        <test-method status="PASS" signature="Sprint5TestOther()[pri:0, instance:tests.Sprint5Tests@1d057a39]" name="Sprint5TestOther" duration-ms="3687" started-at="2019-07-20T13:29:19Z" finished-at="2019-07-20T13:29:23Z">
          <reporter-output>
          </reporter-output>
        </test-method> <!-- Sprint5TestOther -->
        <test-method status="PASS" signature="SetupAfterEveryTest()[pri:0, instance:tests.Sprint5Tests@1d057a39]" name="SetupAfterEveryTest" is-config="true" duration-ms="608" started-at="2019-07-20T13:29:23Z" finished-at="2019-07-20T13:29:23Z">
          <reporter-output>
          </reporter-output>
        </test-method> <!-- SetupAfterEveryTest -->
      </class> <!-- tests.Sprint5Tests -->
      <class name="tests.Sprint4Tests">
        <test-method status="PASS" signature="SetupBeforeEveryTest()[pri:0, instance:tests.Sprint4Tests@475530b9]" name="SetupBeforeEveryTest" is-config="true" duration-ms="2029" started-at="2019-07-20T13:28:57Z" finished-at="2019-07-20T13:28:59Z">
          <reporter-output>
          </reporter-output>
        </test-method> <!-- SetupBeforeEveryTest -->
        <test-method status="PASS" signature="Sprint4TestFemale()[pri:0, instance:tests.Sprint4Tests@475530b9]" name="Sprint4TestFemale" duration-ms="4590" started-at="2019-07-20T13:28:59Z" finished-at="2019-07-20T13:29:04Z">
          <reporter-output>
          </reporter-output>
        </test-method> <!-- Sprint4TestFemale -->
        <test-method status="PASS" signature="SetupAfterEveryTest()[pri:0, instance:tests.Sprint4Tests@475530b9]" name="SetupAfterEveryTest" is-config="true" duration-ms="611" started-at="2019-07-20T13:29:04Z" finished-at="2019-07-20T13:29:04Z">
          <reporter-output>
          </reporter-output>
        </test-method> <!-- SetupAfterEveryTest -->
        <test-method status="PASS" signature="SetupBeforeEveryTest()[pri:0, instance:tests.Sprint4Tests@475530b9]" name="SetupBeforeEveryTest" is-config="true" duration-ms="2038" started-at="2019-07-20T13:29:04Z" finished-at="2019-07-20T13:29:06Z">
          <reporter-output>
          </reporter-output>
        </test-method> <!-- SetupBeforeEveryTest -->
        <test-method status="PASS" signature="Sprint4TestOther()[pri:0, instance:tests.Sprint4Tests@475530b9]" name="Sprint4TestOther" duration-ms="3266" started-at="2019-07-20T13:29:06Z" finished-at="2019-07-20T13:29:09Z">
          <reporter-output>
          </reporter-output>
        </test-method> <!-- Sprint4TestOther -->
        <test-method status="PASS" signature="SetupAfterEveryTest()[pri:0, instance:tests.Sprint4Tests@475530b9]" name="SetupAfterEveryTest" is-config="true" duration-ms="613" started-at="2019-07-20T13:29:09Z" finished-at="2019-07-20T13:29:10Z">
          <reporter-output>
          </reporter-output>
        </test-method> <!-- SetupAfterEveryTest -->
      </class> <!-- tests.Sprint4Tests -->
    </test> <!-- RegressionAll -->
  </suite> <!-- SuiteAll -->
</testng-results>
