<?xml version="1.0" encoding="UTF-8"?>
<!-- Generated by org.testng.reporters.JUnitXMLReporter -->
<testsuite hostname="DESKTOP-UV0GNPQ" ignored="0" name="Regression" tests="8" failures="0" timestamp="20 Jul 2019 13:27:38 GMT" time="53.889" errors="0">
  <testcase name="Sprint1Test" time="2.68" classname="tests.Sprint1Tests"/>
  <testcase name="Sprint2Test" time="2.874" classname="tests.Sprint2Tests"/>
  <testcase name="Sprint3TestFemale" time="4.072" classname="tests.Sprint3Tests"/>
  <testcase name="Sprint3TestOther" time="2.92" classname="tests.Sprint3Tests"/>
  <testcase name="Sprint4TestFemale" time="3.608" classname="tests.Sprint4Tests"/>
  <testcase name="Sprint4TestOther" time="3.327" classname="tests.Sprint4Tests"/>
  <testcase name="Sprint5TestFemale" time="3.944" classname="tests.Sprint5Tests"/>
  <testcase name="Sprint5TestOther" time="4.242" classname="tests.Sprint5Tests"/>
</testsuite> <!-- Regression -->
