<?xml version="1.0" encoding="UTF-8"?>
<!-- Generated by org.testng.reporters.JUnitXMLReporter -->
<testsuite hostname="DESKTOP-UV0GNPQ" ignored="0" name="RegressionAll" tests="8" failures="0" timestamp="20 Jul 2019 13:44:53 GMT" time="53.449" errors="0">
  <testcase name="Sprint1Test" time="3.584" classname="tests.Sprint1Tests"/>
  <testcase name="Sprint2Test" time="5.541" classname="tests.Sprint2Tests"/>
  <testcase name="Sprint3TestFemale" time="2.902" classname="tests.Sprint3Tests"/>
  <testcase name="Sprint3TestOther" time="2.722" classname="tests.Sprint3Tests"/>
  <testcase name="Sprint4TestFemale" time="3.303" classname="tests.Sprint4Tests"/>
  <testcase name="Sprint4TestOther" time="3.283" classname="tests.Sprint4Tests"/>
  <testcase name="Sprint5TestFemale" time="4.034" classname="tests.Sprint5Tests"/>
  <testcase name="Sprint5TestOther" time="3.829" classname="tests.Sprint5Tests"/>
</testsuite> <!-- RegressionAll -->
