<?xml version="1.0" encoding="UTF-8"?>
<!-- Generated by org.testng.reporters.JUnitXMLReporter -->
<testsuite hostname="DESKTOP-UV0GNPQ" ignored="0" name="Default test" tests="8" failures="0" timestamp="20 Jul 2019 13:40:05 GMT" time="55.506" errors="0">
  <testcase name="Sprint1Test" time="2.714" classname="tests.Sprint1Tests"/>
  <testcase name="Sprint2Test" time="2.833" classname="tests.Sprint2Tests"/>
  <testcase name="Sprint3TestFemale" time="2.629" classname="tests.Sprint3Tests"/>
  <testcase name="Sprint3TestOther" time="3.946" classname="tests.Sprint3Tests"/>
  <testcase name="Sprint4TestFemale" time="4.057" classname="tests.Sprint4Tests"/>
  <testcase name="Sprint4TestOther" time="3.445" classname="tests.Sprint4Tests"/>
  <testcase name="Sprint5TestFemale" time="5.056" classname="tests.Sprint5Tests"/>
  <testcase name="Sprint5TestOther" time="4.465" classname="tests.Sprint5Tests"/>
</testsuite> <!-- Default test -->
